<?xml version="1.0" encoding="utf-8"?><testsuites><testsuite name="pytest" errors="0" failures="0" skipped="0" tests="4" time="34.665" timestamp="2023-04-24T18:01:08.070158" hostname="Yggdrasil"><testcase classname="tests.integration_test.PreIntegrationTest" name="test_dependencies" time="0.001" /><testcase classname="tests.integration_test.PreIntegrationTest" name="test_docker" time="0.049" /><testcase classname="tests.integration_test.PreIntegrationTest" name="test_docker_socket_permissions" time="0.000" /><testcase classname="tests.integration_test.IntegrationTest" name="test_integration" time="34.536" /></testsuite></testsuites>